{
  "RSpec": {
    "coverage": {
      "/home/arthurb/Documentos/pessoal/ProjectRuby/spec/models/section_spec.rb": [
        null,
        1,
        null,
        1,
        1,
        null,
        1,
        0,
        null,
        null,
        1,
        1,
        1,
        null,
        null
      ],
      "/home/arthurb/Documentos/pessoal/ProjectRuby/app/models/section.rb": [
        1,
        1,
        1,
        1,
        null,
        1,
        null,
        1,
        1,
        null,
        1,
        null,
        null,
        null,
        null,
        null,
        null,
        null,
        null,
        null,
        null,
        null,
        null,
        null,
        null,
        null,
        null,
        null
      ],
      "/home/arthurb/Documentos/pessoal/ProjectRuby/app/models/application_record.rb": [
        1,
        1,
        null
      ]
    },
    "timestamp": 1599500284
  }
}
